Arguments: 
  /home/salokain/.nvm/versions/node/v16.15.0/bin/node /home/salokain/.nvm/versions/node/v16.15.0/bin/yarn init -s

PATH: 
  /home/salokain/.yarn/bin:/home/salokain/.nvm/versions/node/v16.15.0/bin:/usr/local/sbin:/usr/local/bin:/usr/sbin:/usr/bin:/sbin:/bin:/usr/games:/usr/local/games:/usr/lib/wsl/lib:/mnt/c/WINDOWS/system32:/mnt/c/WINDOWS:/mnt/c/WINDOWS/System32/Wbem:/mnt/c/WINDOWS/System32/WindowsPowerShell/v1.0/:/mnt/c/WINDOWS/System32/OpenSSH/:/mnt/c/ProgramData/chocolatey/bin:/mnt/c/tools/gsudo/Current:/mnt/c/Program Files/Microsoft VS Code/bin:/mnt/c/Program Files/Git/cmd:/mnt/c/Program Files/dotnet/:/mnt/c/Program Files (x86)/dotnet/:/mnt/c/Program Files/OpenSSH-Win64:/mnt/c/tools/php81:/mnt/c/Program Files (x86)/Touch Portal/plugins/adb/platform-tools:/mnt/c/Program Files/nodejs/:/mnt/c/Program Files/Docker/Docker/resources/bin:/mnt/c/ProgramData/DockerDesktop/version-bin:/mnt/c/Program Files (x86)/cloudflared/:/mnt/c/Users/nicol/AppData/Local/Microsoft/WindowsApps:/mnt/c/Program Files/JetBrains/PhpStorm 2021.3.3/bin:/mnt/c/Users/nicol/AppData/Roaming/npm

Yarn version: 
  1.22.18

Node version: 
  16.15.0

Platform: 
  linux x64

Trace: 
  Error: canceled
      at Interface.<anonymous> (/home/salokain/.nvm/versions/node/v16.15.0/lib/node_modules/yarn/lib/cli.js:137143:13)
      at Interface.emit (node:events:527:28)
      at Interface._ttyWrite (node:readline:1081:16)
      at ReadStream.onkeypress (node:readline:288:10)
      at ReadStream.emit (node:events:527:28)
      at emitKeys (node:internal/readline/utils:358:14)
      at emitKeys.next (<anonymous>)
      at ReadStream.onData (node:internal/readline/emitKeypressEvents:61:36)
      at ReadStream.emit (node:events:527:28)
      at addChunk (node:internal/streams/readable:315:12)

npm manifest: 
  No manifest

yarn manifest: 
  No manifest

Lockfile: 
  No lockfile
